Jul 30 08:20:43 Updated: tzdata-2019b-1.el7.noarch
Jul 30 08:21:00 Updated: glibc-common-2.17-260.el7_6.6.x86_64
Jul 30 08:21:04 Updated: glibc-2.17-260.el7_6.6.x86_64
Jul 30 08:21:05 Updated: systemd-libs-219-62.el7_6.7.x86_64
Jul 30 08:21:13 Updated: systemd-219-62.el7_6.7.x86_64
Jul 30 08:21:23 Updated: python-libs-2.7.5-80.el7_6.x86_64
Jul 30 08:21:24 Updated: python-2.7.5-80.el7_6.x86_64
Jul 30 08:21:24 Updated: 7:device-mapper-libs-1.02.149-10.el7_6.8.x86_64
Jul 30 08:21:24 Updated: 7:device-mapper-1.02.149-10.el7_6.8.x86_64
Jul 30 08:21:25 Updated: kernel-tools-libs-3.10.0-957.21.3.el7.x86_64
Jul 30 08:21:25 Updated: libteam-1.27-6.el7_6.1.x86_64
Jul 30 08:21:25 Updated: 32:bind-license-9.9.4-74.el7_6.1.noarch
Jul 30 08:21:26 Updated: 32:bind-libs-lite-9.9.4-74.el7_6.1.x86_64
Jul 30 08:21:26 Updated: teamd-1.27-6.el7_6.1.x86_64
Jul 30 08:21:31 Updated: kernel-tools-3.10.0-957.21.3.el7.x86_64
Jul 30 08:21:32 Updated: python-perf-3.10.0-957.21.3.el7.x86_64
Jul 30 08:21:32 Updated: systemd-sysv-219-62.el7_6.7.x86_64
Jul 30 08:21:34 Updated: glib2-2.56.1-4.el7_6.x86_64
Jul 30 08:21:34 Updated: 2:vim-minimal-7.4.160-6.el7_6.x86_64
Jul 30 08:21:53 Installed: kernel-3.10.0-957.21.3.el7.x86_64
Jul 30 08:24:00 Installed: mpfr-3.1.1-4.el7.x86_64
Jul 30 08:24:00 Installed: libmpc-1.0.1-3.el7.x86_64
Jul 30 08:24:01 Installed: zlib-devel-1.2.7-18.el7.x86_64
Jul 30 08:24:01 Installed: m4-1.4.16-10.el7.x86_64
Jul 30 08:24:04 Installed: cpp-4.8.5-36.el7_6.2.x86_64
Jul 30 08:24:04 Installed: 1:perl-parent-0.225-244.el7.noarch
Jul 30 08:24:04 Installed: perl-HTTP-Tiny-0.033-3.el7.noarch
Jul 30 08:24:05 Installed: perl-podlators-2.5.1-3.el7.noarch
Jul 30 08:24:05 Installed: perl-Pod-Perldoc-3.20-4.el7.noarch
Jul 30 08:24:05 Installed: 1:perl-Pod-Escapes-1.04-294.el7_6.noarch
Jul 30 08:24:05 Installed: perl-Text-ParseWords-3.29-4.el7.noarch
Jul 30 08:24:07 Installed: perl-Encode-2.51-7.el7.x86_64
Jul 30 08:24:07 Installed: perl-Pod-Usage-1.63-3.el7.noarch
Jul 30 08:24:07 Installed: 4:perl-libs-5.16.3-294.el7_6.x86_64
Jul 30 08:24:08 Installed: 4:perl-macros-5.16.3-294.el7_6.x86_64
Jul 30 08:24:08 Installed: 4:perl-Time-HiRes-1.9725-3.el7.x86_64
Jul 30 08:24:08 Installed: perl-Exporter-5.68-3.el7.noarch
Jul 30 08:24:08 Installed: perl-constant-1.27-2.el7.noarch
Jul 30 08:24:08 Installed: perl-Time-Local-1.2300-2.el7.noarch
Jul 30 08:24:09 Installed: perl-Carp-1.26-244.el7.noarch
Jul 30 08:24:09 Installed: perl-Storable-2.45-3.el7.x86_64
Jul 30 08:24:09 Installed: perl-PathTools-3.40-5.el7.x86_64
Jul 30 08:24:10 Installed: perl-Scalar-List-Utils-1.27-248.el7.x86_64
Jul 30 08:24:10 Installed: perl-File-Temp-0.23.01-3.el7.noarch
Jul 30 08:24:10 Installed: perl-File-Path-2.09-2.el7.noarch
Jul 30 08:24:10 Installed: perl-threads-shared-1.43-6.el7.x86_64
Jul 30 08:24:10 Installed: perl-threads-1.87-4.el7.x86_64
Jul 30 08:24:11 Installed: perl-Filter-1.49-3.el7.x86_64
Jul 30 08:24:11 Installed: perl-Socket-2.010-4.el7.x86_64
Jul 30 08:24:12 Installed: 1:perl-Pod-Simple-3.28-4.el7.noarch
Jul 30 08:24:12 Installed: perl-Getopt-Long-2.40-3.el7.noarch
Jul 30 08:24:22 Installed: 4:perl-5.16.3-294.el7_6.x86_64
Jul 30 08:24:22 Installed: libkadm5-1.15.1-37.el7_6.x86_64
Jul 30 08:24:23 Installed: pcre-devel-8.32-17.el7.x86_64
Jul 30 08:24:23 Installed: libsepol-devel-2.5-10.el7.x86_64
Jul 30 08:24:24 Installed: libselinux-devel-2.5-14.1.el7.x86_64
Jul 30 08:24:28 Installed: kernel-headers-3.10.0-957.21.3.el7.x86_64
Jul 30 08:24:30 Installed: glibc-headers-2.17-260.el7_6.6.x86_64
Jul 30 08:24:30 Installed: glibc-devel-2.17-260.el7_6.6.x86_64
Jul 30 08:24:31 Installed: libverto-devel-0.2.5-4.el7.x86_64
Jul 30 08:24:31 Installed: libcom_err-devel-1.42.9-13.el7.x86_64
Jul 30 08:24:31 Installed: keyutils-libs-devel-1.5.8-3.el7.x86_64
Jul 30 08:24:32 Installed: krb5-devel-1.15.1-37.el7_6.x86_64
Jul 30 08:24:38 Installed: 1:openssl-devel-1.0.2k-16.el7_6.1.x86_64
Jul 30 08:24:43 Installed: gcc-4.8.5-36.el7_6.2.x86_64
Jul 30 08:24:44 Installed: flex-2.5.37-6.el7.x86_64
Jul 30 08:24:44 Installed: bison-3.0.4-2.el7.x86_64
Jul 30 08:24:45 Installed: elfutils-libelf-devel-0.172-2.el7.x86_64
Jul 30 08:24:45 Installed: wget-1.14-18.el7_6.1.x86_64
Jul 30 08:24:49 Installed: ncurses-devel-5.9-14.20130511.el7_4.x86_64
Jul 30 08:24:49 Installed: bc-1.06.95-13.el7.x86_64
Jul 30 12:55:33 Installed: 1:perl-Error-0.17020-2.el7.noarch
Jul 30 12:55:34 Installed: perl-TermReadKey-2.30-20.el7.x86_64
Jul 30 12:55:36 Installed: git-1.8.3.1-20.el7.x86_64
Jul 30 12:55:36 Installed: perl-Git-1.8.3.1-20.el7.noarch
